f:\source codes\external-overlay-base-w-working-imgui-impl-master\external overlay base with imgui - dream666\external overlay base imgui\release\vc141.pdb
f:\source codes\external-overlay-base-w-working-imgui-impl-master\external overlay base with imgui - dream666\external overlay base imgui\release\imgui_impl_dx9.obj
f:\source codes\external-overlay-base-w-working-imgui-impl-master\external overlay base with imgui - dream666\external overlay base imgui\release\imgui_draw.obj
f:\source codes\external-overlay-base-w-working-imgui-impl-master\external overlay base with imgui - dream666\external overlay base imgui\release\imgui_demo.obj
f:\source codes\external-overlay-base-w-working-imgui-impl-master\external overlay base with imgui - dream666\external overlay base imgui\release\imgui.obj
f:\source codes\external-overlay-base-w-working-imgui-impl-master\external overlay base with imgui - dream666\external overlay base imgui\release\render.obj
f:\source codes\external-overlay-base-w-working-imgui-impl-master\external overlay base with imgui - dream666\external overlay base imgui\release\main.obj
f:\source codes\external-overlay-base-w-working-imgui-impl-master\external overlay base with imgui - dream666\external overlay base imgui\release\entry.obj
f:\source codes\external-overlay-base-w-working-imgui-impl-master\external overlay base with imgui - dream666\external overlay base imgui\release\direct3d.obj
f:\source codes\external-overlay-base-w-working-imgui-impl-master\external overlay base with imgui - dream666\external overlay base imgui\release\cheat.obj
f:\source codes\external-overlay-base-w-working-imgui-impl-master\external overlay base with imgui - dream666\release\dreamer.ipdb
f:\source codes\external-overlay-base-w-working-imgui-impl-master\external overlay base with imgui - dream666\release\dreamer.iobj
f:\source codes\external-overlay-base-w-working-imgui-impl-master\external overlay base with imgui - dream666\external overlay base imgui\release\globals.obj
f:\source codes\external-overlay-base-w-working-imgui-impl-master\external overlay base with imgui - dream666\release\dreamer.pdb
f:\source codes\external-overlay-base-w-working-imgui-impl-master\external overlay base with imgui - dream666\external overlay base imgui\release\dreamer.tlog\cl.command.1.tlog
f:\source codes\external-overlay-base-w-working-imgui-impl-master\external overlay base with imgui - dream666\external overlay base imgui\release\dreamer.tlog\cl.read.1.tlog
f:\source codes\external-overlay-base-w-working-imgui-impl-master\external overlay base with imgui - dream666\external overlay base imgui\release\dreamer.tlog\cl.write.1.tlog
f:\source codes\external-overlay-base-w-working-imgui-impl-master\external overlay base with imgui - dream666\external overlay base imgui\release\dreamer.tlog\dreamer.write.1u.tlog
f:\source codes\external-overlay-base-w-working-imgui-impl-master\external overlay base with imgui - dream666\external overlay base imgui\release\dreamer.tlog\link.command.1.tlog
f:\source codes\external-overlay-base-w-working-imgui-impl-master\external overlay base with imgui - dream666\external overlay base imgui\release\dreamer.tlog\link.read.1.tlog
f:\source codes\external-overlay-base-w-working-imgui-impl-master\external overlay base with imgui - dream666\external overlay base imgui\release\dreamer.tlog\link.write.1.tlog
